0 info it worked if it ends with ok
1 verbose cli [ '/opt/node/bin/node',
1 verbose cli   '/usr/local/bin/npm',
1 verbose cli   'install',
1 verbose cli   '-g',
1 verbose cli   'angular-cli' ]
2 info using npm@2.14.7
3 info using node@v4.2.3
4 verbose install initial load of /usr/local/lib/package.json
5 verbose readDependencies loading dependencies from /usr/local/lib/package.json
6 silly cache add args [ 'angular-cli', null ]
7 verbose cache add spec angular-cli
8 silly cache add parsed spec Result {
8 silly cache add   raw: 'angular-cli',
8 silly cache add   scope: null,
8 silly cache add   name: 'angular-cli',
8 silly cache add   rawSpec: '',
8 silly cache add   spec: '*',
8 silly cache add   type: 'range' }
9 silly addNamed angular-cli@*
10 verbose addNamed "*" is a valid semver range for angular-cli
11 silly addNameRange { name: 'angular-cli', range: '*', hasData: false }
12 silly mapToRegistry name angular-cli
13 silly mapToRegistry using default registry
14 silly mapToRegistry registry https://registry.npmjs.org/
15 silly mapToRegistry uri https://registry.npmjs.org/angular-cli
16 verbose addNameRange registry:https://registry.npmjs.org/angular-cli not in flight; fetching
17 verbose request uri https://registry.npmjs.org/angular-cli
18 verbose request no auth needed
19 info attempt registry request try #1 at 9:16:14 AM
20 verbose request id 5331e79229eac327
21 http request GET https://registry.npmjs.org/angular-cli
22 http 200 https://registry.npmjs.org/angular-cli
23 verbose headers { date: 'Sat, 11 Aug 2018 15:16:16 GMT',
23 verbose headers   'content-type': 'application/json; charset=UTF-8',
23 verbose headers   'transfer-encoding': 'chunked',
23 verbose headers   connection: 'keep-alive',
23 verbose headers   'set-cookie': [ '__cfduid=d77ef30a849aca32ed40e684a4422e8c11534000575; expires=Sun, 11-Aug-19 15:16:15 GMT; path=/; domain=.registry.npmjs.org; HttpOnly' ],
23 verbose headers   'cache-control': 'max-age=300',
23 verbose headers   'cf-cache-status': 'REVALIDATED',
23 verbose headers   'cf-ray': '448ba98fcb6558c7-DFW',
23 verbose headers   etag: 'W/"b6008a7cdc7c497fd4759273f56dcb99"',
23 verbose headers   'expect-ct': 'max-age=604800, report-uri="https://report-uri.cloudflare.com/cdn-cgi/beacon/expect-ct"',
23 verbose headers   'last-modified': 'Fri, 10 Aug 2018 23:14:31 GMT',
23 verbose headers   vary: 'accept-encoding, accept',
23 verbose headers   server: 'cloudflare',
23 verbose headers   'content-encoding': 'gzip' }
24 silly get cb [ 200,
24 silly get   { date: 'Sat, 11 Aug 2018 15:16:16 GMT',
24 silly get     'content-type': 'application/json; charset=UTF-8',
24 silly get     'transfer-encoding': 'chunked',
24 silly get     connection: 'keep-alive',
24 silly get     'set-cookie': [ '__cfduid=d77ef30a849aca32ed40e684a4422e8c11534000575; expires=Sun, 11-Aug-19 15:16:15 GMT; path=/; domain=.registry.npmjs.org; HttpOnly' ],
24 silly get     'cache-control': 'max-age=300',
24 silly get     'cf-cache-status': 'REVALIDATED',
24 silly get     'cf-ray': '448ba98fcb6558c7-DFW',
24 silly get     etag: 'W/"b6008a7cdc7c497fd4759273f56dcb99"',
24 silly get     'expect-ct': 'max-age=604800, report-uri="https://report-uri.cloudflare.com/cdn-cgi/beacon/expect-ct"',
24 silly get     'last-modified': 'Fri, 10 Aug 2018 23:14:31 GMT',
24 silly get     vary: 'accept-encoding, accept',
24 silly get     server: 'cloudflare',
24 silly get     'content-encoding': 'gzip' } ]
25 verbose get saving angular-cli to /home/thrilaaj/.npm/registry.npmjs.org/angular-cli/.cache.json
26 silly addNameRange number 2 { name: 'angular-cli', range: '*', hasData: true }
27 silly addNameRange versions [ 'angular-cli',
27 silly addNameRange   [ '0.0.0',
27 silly addNameRange     '0.0.1',
27 silly addNameRange     '0.0.2',
27 silly addNameRange     '0.0.3',
27 silly addNameRange     '0.0.4',
27 silly addNameRange     '0.0.5',
27 silly addNameRange     '0.0.6',
27 silly addNameRange     '0.0.7',
27 silly addNameRange     '0.0.8',
27 silly addNameRange     '0.0.9',
27 silly addNameRange     '0.0.10',
27 silly addNameRange     '0.0.11',
27 silly addNameRange     '0.0.12',
27 silly addNameRange     '0.0.13',
27 silly addNameRange     '0.0.14',
27 silly addNameRange     '0.0.15',
27 silly addNameRange     '0.0.16',
27 silly addNameRange     '0.0.17',
27 silly addNameRange     '0.0.18',
27 silly addNameRange     '0.0.19',
27 silly addNameRange     '0.0.20',
27 silly addNameRange     '0.0.22',
27 silly addNameRange     '0.0.23',
27 silly addNameRange     '0.0.24',
27 silly addNameRange     '0.0.25',
27 silly addNameRange     '0.0.26',
27 silly addNameRange     '0.0.27',
27 silly addNameRange     '0.0.28',
27 silly addNameRange     '0.0.29',
27 silly addNameRange     '0.0.30',
27 silly addNameRange     '0.0.31',
27 silly addNameRange     '0.0.33',
27 silly addNameRange     '0.0.34',
27 silly addNameRange     '0.0.37',
27 silly addNameRange     '0.0.39',
27 silly addNameRange     '0.1.0',
27 silly addNameRange     '1.0.0-beta.0',
27 silly addNameRange     '1.0.0-beta.1',
27 silly addNameRange     '1.0.0-beta.2-mobile',
27 silly addNameRange     '1.0.0-beta.2-mobile.1',
27 silly addNameRange     '1.0.0-beta.2-mobile.2',
27 silly addNameRange     '1.0.0-beta.2-mobile.3',
27 silly addNameRange     '1.0.0-beta.2-mobile.4',
27 silly addNameRange     '1.0.0-beta.4',
27 silly addNameRange     '1.0.0-beta.5',
27 silly addNameRange     '1.0.0-beta.6',
27 silly addNameRange     '1.0.0-beta.8',
27 silly addNameRange     '1.0.0-beta.9',
27 silly addNameRange     '1.0.0-beta.10',
27 silly addNameRange     '1.0.0-beta.11-webpack',
27 silly addNameRange     '1.0.0-beta.11-webpack.2',
27 silly addNameRange     '1.0.0-beta.11-webpack.3',
27 silly addNameRange     '1.0.0-beta.11-webpack.4',
27 silly addNameRange     '1.0.0-beta.11-webpack.5',
27 silly addNameRange     '1.0.0-beta.11-webpack.6',
27 silly addNameRange     '1.0.0-beta.11-webpack.7',
27 silly addNameRange     '1.0.0-beta.11-webpack.8',
27 silly addNameRange     '1.0.0-beta.11-webpack.9',
27 silly addNameRange     '1.0.0-beta.11-webpack.9-1',
27 silly addNameRange     '1.0.0-beta.11-webpack.9-2',
27 silly addNameRange     '1.0.0-beta.11-webpack.9-3',
27 silly addNameRange     '1.0.0-beta.11-webpack.9-4',
27 silly addNameRange     '1.0.0-beta.12',
27 silly addNameRange     '1.0.0-beta.12-1',
27 silly addNameRange     '1.0.0-beta.14',
27 silly addNameRange     '1.0.0-beta.15',
27 silly addNameRange     '1.0.0-beta.16',
27 silly addNameRange     '1.0.0-beta.17',
27 silly addNameRange     '1.0.0-beta.18',
27 silly addNameRange     '1.0.0-beta.19-3',
27 silly addNameRange     '1.0.0-beta.20-1',
27 silly addNameRange     '1.0.0-beta.20-2',
27 silly addNameRange     '1.0.0-beta.20-3',
27 silly addNameRange     '1.0.0-beta.20-4',
27 silly addNameRange     '1.0.0-beta.21',
27 silly addNameRange     '1.0.0-beta.22',
27 silly addNameRange     '1.0.0-beta.22-1',
27 silly addNameRange     '1.0.0-beta.24',
27 silly addNameRange     '1.0.0-beta.25',
27 silly addNameRange     '1.0.0-beta.25.2',
27 silly addNameRange     '1.0.0-beta.25.3',
27 silly addNameRange     '1.0.0-beta.25.4',
27 silly addNameRange     '1.0.0-beta.25.5',
27 silly addNameRange     '1.0.0-beta.26',
27 silly addNameRange     '1.0.0-beta.27',
27 silly addNameRange     '1.0.0-beta.28',
27 silly addNameRange     '1.0.0-beta.28.2',
27 silly addNameRange     '1.0.0-beta.28.3' ] ]
28 silly addNamed angular-cli@0.1.0
29 verbose addNamed "0.1.0" is a plain semver version for angular-cli
30 warn deprecated angular-cli@0.1.0: angular-cli has been renamed to @angular/cli. Please update your dependencies.
31 silly mapToRegistry name angular-cli
32 silly mapToRegistry using default registry
33 silly mapToRegistry registry https://registry.npmjs.org/
34 silly mapToRegistry uri https://registry.npmjs.org/angular-cli
35 verbose addRemoteTarball https://registry.npmjs.org/angular-cli/-/angular-cli-0.1.0.tgz not in flight; adding
36 verbose addRemoteTarball [ 'https://registry.npmjs.org/angular-cli/-/angular-cli-0.1.0.tgz',
36 verbose addRemoteTarball   'c0b7bf04251bf50958315e224948887132b563ee' ]
37 info retry fetch attempt 1 at 9:16:15 AM
38 info attempt registry request try #1 at 9:16:15 AM
39 http fetch GET https://registry.npmjs.org/angular-cli/-/angular-cli-0.1.0.tgz
40 http fetch 200 https://registry.npmjs.org/angular-cli/-/angular-cli-0.1.0.tgz
41 silly fetchAndShaCheck shasum c0b7bf04251bf50958315e224948887132b563ee
42 verbose addTmpTarball /tmp/npm-10667-4caa6466/registry.npmjs.org/angular-cli/-/angular-cli-0.1.0.tgz not in flight; adding
43 verbose addTmpTarball already have metadata; skipping unpack for angular-cli@0.1.0
44 silly cache afterAdd angular-cli@0.1.0
45 verbose afterAdd /home/thrilaaj/.npm/angular-cli/0.1.0/package/package.json not in flight; writing
46 verbose afterAdd /home/thrilaaj/.npm/angular-cli/0.1.0/package/package.json written
47 silly install resolved [ { name: 'angular-cli',
47 silly install resolved     version: '0.1.0',
47 silly install resolved     description: 'CLI tool for Angular',
47 silly install resolved     main: 'lib/cli/index.js',
47 silly install resolved     trackingCode: 'UA-8594346-19',
47 silly install resolved     bin: { ng: './bin/ng' },
47 silly install resolved     keywords: [],
47 silly install resolved     scripts: { test: 'node tests/runner', lint: 'eslint .' },
47 silly install resolved     repository:
47 silly install resolved      { type: 'git',
47 silly install resolved        url: 'git+https://github.com/angular/angular-cli.git' },
47 silly install resolved     engines: { node: '>= 4.1.0' },
47 silly install resolved     author: { name: 'Angular Authors' },
47 silly install resolved     contributors: [ [Object], [Object] ],
47 silly install resolved     license: 'MIT',
47 silly install resolved     bugs: { url: 'https://github.com/angular/angular-cli/issues' },
47 silly install resolved     homepage: 'https://github.com/angular/angular-cli',
47 silly install resolved     dependencies:
47 silly install resolved      { broccoli: '^1.0.0-beta.7',
47 silly install resolved        'broccoli-caching-writer': '^2.2.1',
47 silly install resolved        'broccoli-concat': '^2.2.0',
47 silly install resolved        'broccoli-funnel': '^1.0.1',
47 silly install resolved        'broccoli-merge-trees': '^1.1.1',
47 silly install resolved        'broccoli-source': '^1.1.0',
47 silly install resolved        'broccoli-writer': '^0.1.1',
47 silly install resolved        chalk: '^1.1.3',
47 silly install resolved        'ember-cli': '2.5.0',
47 silly install resolved        'ember-cli-string-utils': '^1.0.0',
47 silly install resolved        exit: '^0.1.2',
47 silly install resolved        'fs-extra': '^0.30.0',
47 silly install resolved        glob: '^7.0.3',
47 silly install resolved        leek: '0.0.21',
47 silly install resolved        lodash: '^4.11.1',
47 silly install resolved        opn: '4.0.1',
47 silly install resolved        resolve: '^1.1.7',
47 silly install resolved        shelljs: '^0.7.0',
47 silly install resolved        'silent-error': '^1.0.0',
47 silly install resolved        'symlink-or-copy': '^1.0.3',
47 silly install resolved        'systemjs-builder': '^0.15.16',
47 silly install resolved        typescript: '^1.8.10',
47 silly install resolved        typings: '^0.8.1' },
47 silly install resolved     'ember-addon': { paths: [Object] },
47 silly install resolved     devDependencies:
47 silly install resolved      { chai: '^3.5.0',
47 silly install resolved        'clang-format': '^1.0.38',
47 silly install resolved        eslint: '^2.8.0',
47 silly install resolved        'exists-sync': '0.0.3',
47 silly install resolved        minimatch: '^3.0.0',
47 silly install resolved        mocha: '^2.4.5',
47 silly install resolved        'mock-fs': '^3.8.0',
47 silly install resolved        'object-assign': '^4.0.1',
47 silly install resolved        rewire: '^2.5.1',
47 silly install resolved        sinon: '^1.17.3',
47 silly install resolved        through: '^2.3.8',
47 silly install resolved        tslint: '^3.8.1',
47 silly install resolved        'walk-sync': '^0.2.6' },
47 silly install resolved     gitHead: '61e049e99a9d1d445a48ef70a83177a54ec2732f',
47 silly install resolved     _id: 'angular-cli@0.1.0',
47 silly install resolved     _shasum: 'c0b7bf04251bf50958315e224948887132b563ee',
47 silly install resolved     _from: 'angular-cli@*',
47 silly install resolved     _npmVersion: '2.14.6',
47 silly install resolved     _nodeVersion: '4.1.2',
47 silly install resolved     _npmUser: { name: 'angularcore', email: 'angular-core+npm@google.com' },
47 silly install resolved     dist:
47 silly install resolved      { shasum: 'c0b7bf04251bf50958315e224948887132b563ee',
47 silly install resolved        tarball: 'https://registry.npmjs.org/angular-cli/-/angular-cli-0.1.0.tgz' },
47 silly install resolved     maintainers: [ [Object], [Object] ],
47 silly install resolved     _npmOperationalInternal:
47 silly install resolved      { host: 'packages-16-east.internal.npmjs.com',
47 silly install resolved        tmp: 'tmp/angular-cli-0.1.0.tgz_1462477264285_0.09937838767655194' },
47 silly install resolved     directories: {},
47 silly install resolved     deprecated: 'angular-cli has been renamed to @angular/cli. Please update your dependencies.',
47 silly install resolved     _resolved: 'https://registry.npmjs.org/angular-cli/-/angular-cli-0.1.0.tgz' } ]
48 info install angular-cli@0.1.0 into /usr/local/lib
49 info installOne angular-cli@0.1.0
50 verbose installOne of angular-cli to /usr/local/lib not in flight; installing
51 verbose lock using /home/thrilaaj/.npm/_locks/angular-cli-60086e40670b6336.lock for /usr/local/lib/node_modules/angular-cli
52 silly install write writing angular-cli 0.1.0 to /usr/local/lib/node_modules/angular-cli
53 verbose unbuild lib/node_modules/angular-cli
54 silly gentlyRm /usr/local/lib/node_modules/angular-cli is being purged from base /usr/local
55 verbose gentlyRm don't care about contents; nuking /usr/local/lib/node_modules/angular-cli
56 verbose tar unpack /home/thrilaaj/.npm/angular-cli/0.1.0/package.tgz
57 verbose tar unpacking to /usr/local/lib/node_modules/angular-cli
58 silly gentlyRm /usr/local/lib/node_modules/angular-cli is being purged
59 verbose gentlyRm don't care about contents; nuking /usr/local/lib/node_modules/angular-cli
60 silly gunzTarPerm modes [ '755', '644' ]
61 error tar.unpack untar error /home/thrilaaj/.npm/angular-cli/0.1.0/package.tgz
62 verbose unlock done using /home/thrilaaj/.npm/_locks/angular-cli-60086e40670b6336.lock for /usr/local/lib/node_modules/angular-cli
63 verbose fstream_path /usr/local/lib/node_modules/angular-cli
64 verbose fstream_type Directory
65 verbose fstream_class DirWriter
66 verbose stack Error: EACCES: permission denied, mkdir '/usr/local/lib/node_modules/angular-cli'
66 verbose stack     at Error (native)
67 verbose fstream_stack /opt/node/lib/node_modules/npm/node_modules/fstream/lib/dir-writer.js:35:25
67 verbose fstream_stack /opt/node/lib/node_modules/npm/node_modules/mkdirp/index.js:47:53
67 verbose fstream_stack FSReqWrap.oncomplete (fs.js:82:15)
68 verbose cwd /home/thrilaaj/MShop/project
69 error Linux 2.6.32-754.2.1.el6.x86_64
70 error argv "/opt/node/bin/node" "/usr/local/bin/npm" "install" "-g" "angular-cli"
71 error node v4.2.3
72 error npm  v2.14.7
73 error path /usr/local/lib/node_modules/angular-cli
74 error code EACCES
75 error errno -13
76 error syscall mkdir
77 error Error: EACCES: permission denied, mkdir '/usr/local/lib/node_modules/angular-cli'
77 error     at Error (native)
77 error  { [Error: EACCES: permission denied, mkdir '/usr/local/lib/node_modules/angular-cli']
77 error   errno: -13,
77 error   code: 'EACCES',
77 error   syscall: 'mkdir',
77 error   path: '/usr/local/lib/node_modules/angular-cli',
77 error   fstream_type: 'Directory',
77 error   fstream_path: '/usr/local/lib/node_modules/angular-cli',
77 error   fstream_class: 'DirWriter',
77 error   fstream_stack:
77 error    [ '/opt/node/lib/node_modules/npm/node_modules/fstream/lib/dir-writer.js:35:25',
77 error      '/opt/node/lib/node_modules/npm/node_modules/mkdirp/index.js:47:53',
77 error      'FSReqWrap.oncomplete (fs.js:82:15)' ] }
78 error Please try running this command again as root/Administrator.
79 verbose exit [ -13, true ]
80 verbose unbuild lib/node_modules/angular-cli
81 silly gentlyRm /usr/local/lib/node_modules/angular-cli is being purged from base /usr/local
82 verbose gentlyRm don't care about contents; nuking /usr/local/lib/node_modules/angular-cli
